<?xml version="1.0" encoding="UTF-8"?>
<testsuite name="dev.houston.utiltests.JwtUtilTests" tests="4" skipped="0" failures="0" errors="0" timestamp="2021-03-14T19:55:16" hostname="Troys-MBP" time="0.2">
  <properties/>
  <testcase name="edited_jwt()" classname="dev.houston.utiltests.JwtUtilTests" time="0.165"/>
  <testcase name="decode_jwt()" classname="dev.houston.utiltests.JwtUtilTests" time="0.006"/>
  <testcase name="creates_jwt()" classname="dev.houston.utiltests.JwtUtilTests" time="0.017"/>
  <testcase name="creates_jwt_manager()" classname="dev.houston.utiltests.JwtUtilTests" time="0.002"/>
  <system-out><![CDATA[Guy
eyJ0eXAiOiJKV1QiLCJhbGciOiJIUzI1NiJ9.eyJmbmFtZSI6Ikd1eSIsImZvcmVtYW4iOmZhbHNlLCJtaW5lcklkIjoxfQ.D015YyNQpz1Eyc_d-ngWTkUc6tcpWjcg7rK2i-CP0xA
eyJ0eXAiOiJKV1QiLCJhbGciOiJIUzI1NiJ9.eyJmbmFtZSI6IkdyaW1seSIsImZvcmVtYW4iOnRydWUsIm1pbmVySWQiOjJ9.iD-vgdcrO4XjOSie8pLihTH92PsQ6nm7Fccis2PpqTc
]]></system-out>
  <system-err><![CDATA[]]></system-err>
</testsuite>
