<?xml version="1.0" encoding="UTF-8"?>
<testsuite name="dev.houston.servicetests.GetExpensesByMinerIdTest" tests="1" skipped="0" failures="0" errors="0" timestamp="2021-03-14T19:55:17" hostname="Troys-MBP" time="0.027">
  <properties/>
  <testcase name="get_expense_by_miner_id()" classname="dev.houston.servicetests.GetExpensesByMinerIdTest" time="0.027"/>
  <system-out><![CDATA[ INFO [Test worker] (ExpenseServiceImpl.java:45) - Expense found for miner 1
 INFO [Test worker] (ExpenseServiceImpl.java:45) - Expense found for miner 1
[Expense{expenseId=2, minerId=1, amount=12.0, description='Needed gloves', status=pending, dateSubmitted=100050, dateResolved=0, resolvedReason=''}, Expense{expenseId=1, minerId=1, amount=100.0, description='Needed a new pickaxe', status=pending, dateSubmitted=100000, dateResolved=0, resolvedReason=''}]
]]></system-out>
  <system-err><![CDATA[]]></system-err>
</testsuite>
